\BOOKMARK [1][-]{section.1}{Introduction}{}% 1
\BOOKMARK [1][-]{section.2}{General Model}{}% 2
\BOOKMARK [2][-]{subsection.2.1}{Variant Allele Frequency}{section.2}% 3
\BOOKMARK [2][-]{subsection.2.2}{Clonal Membership and Generation of Reads}{section.2}% 4
\BOOKMARK [1][-]{section.3}{Existing methods}{}% 5
\BOOKMARK [1][-]{section.4}{Binomial Mixture Model with DP prior}{}% 6
\BOOKMARK [1][-]{section.5}{Overview of Variational Inference}{}% 7
\BOOKMARK [2][-]{subsection.5.1}{The ELBO}{section.5}% 8
\BOOKMARK [2][-]{subsection.5.2}{The mean-field variational family}{section.5}% 9
\BOOKMARK [2][-]{subsection.5.3}{Coordinate ascent}{section.5}% 10
\BOOKMARK [2][-]{subsection.5.4}{Exponential family distributions yield a general formula}{section.5}% 11
\BOOKMARK [1][-]{section.6}{Variational Inference on DP Binomial Model}{}% 12
\BOOKMARK [2][-]{subsection.6.1}{The model and its ELBO}{section.6}% 13
\BOOKMARK [2][-]{subsection.6.2}{Coordinate ascent algorithm}{section.6}% 14
\BOOKMARK [2][-]{subsection.6.3}{MAP estimates}{section.6}% 15
\BOOKMARK [2][-]{subsection.6.4}{Implementation}{section.6}% 16
\BOOKMARK [1][-]{section.7}{Experiments and Results}{}% 17
\BOOKMARK [1][-]{section.8}{Discussion}{}% 18
\BOOKMARK [1][-]{section.9}{Acknowledgements}{}% 19
\BOOKMARK [1][-]{section.9}{References}{}% 20
\BOOKMARK [1][-]{section*.13}{Appendices}{}% 21
\BOOKMARK [1][-]{Appendix.a.A}{Allocation model update equations}{}% 22
\BOOKMARK [1][-]{Appendix.a.B}{Observation model update equations}{}% 23
\BOOKMARK [2][-]{subsection.a.B.1}{Exponential factorization of data model}{Appendix.a.B}% 24
\BOOKMARK [2][-]{subsection.a.B.2}{Sufficient statistics}{Appendix.a.B}% 25
\BOOKMARK [2][-]{subsection.a.B.3}{Obs Model Likelihoods}{Appendix.a.B}% 26
\BOOKMARK [1][-]{Appendix.a.C}{Computing the ELBO}{}% 27
\BOOKMARK [2][-]{subsection.a.C.1}{Observation model contribution to ELBO}{Appendix.a.C}% 28
\BOOKMARK [2][-]{subsection.a.C.2}{Allocation model contribution to ELBO}{Appendix.a.C}% 29
\BOOKMARK [2][-]{subsection.a.C.3}{Entropy contribution to ELBO}{Appendix.a.C}% 30
\BOOKMARK [1][-]{Appendix.a.D}{Examples of clustering posterior plots \(DP/VI\)}{}% 31
